Final area = 327548.1343839451
Black area = 54378.134383945086

block_name lower_left(x,y)coordinate upper_right(x,y)coordinate
sb0 (302.99862,702.76262) (337.85547,714.38157)
sb1 (302.99862,779.35248) (338.99862,791.35248)
sb2 (325.66787,620.47891) (367.0925,634.28712)
sb3 (379.639,714.81745) (410.37985,745.55831)
sb4 (242.00318,723.2815) (284.42959,765.70791)
sb5 (337.85547,702.76262) (373.18251,714.53831)
sb6 (338.99862,779.35248) (394.47834,797.84572)
sb7 (285.54869,679.78437) (302.99862,737.9508)
sb8 (249.4451,765.70791) (276.94055,793.20336)
sb9 (346.47275,746.18623) (379.639,779.35248)
sb10 (373.18251,702.36755) (410.53221,714.81745)
sb11 (346.47275,714.81745) (377.84152,746.18623)
sb12 (294.90075,646.09108) (304.74453,678.90367)
sb13 (302.99862,679.78437) (371.93337,702.76262)
sb14 (379.639,745.55831) (410.03636,775.95567)
sb15 (373.18251,679.78437) (395.76569,702.36755)
sb16 (302.99862,714.81745) (346.47275,758.29158)
sb17 (220.67011,679.78437) (242.00318,750.89462)
sb18 (242.00318,679.78437) (285.50031,723.2815)
sb19 (220.67011,765.70791) (249.4451,794.4829)
sb20 (258.1401,646.09108) (266.28258,673.23268)
sb21 (325.66787,599.6943) (386.46261,619.95921)
sb22 (348.65536,509.86431) (380.51442,541.72338)
sb23 (334.33056,584.01932) (379.49692,599.07478)
sb24 (386.46261,599.6943) (407.24722,620.47891)
sb25 (334.33056,563.63142) (395.49427,584.01932)
sb26 (384.18291,634.28712) (396.25768,674.53635)
sb27 (258.1401,599.6943) (325.66787,622.20356)
sb28 (334.33056,548.93448) (363.72443,558.73244)
sb29 (285.54869,737.9508) (301.70418,791.80245)
sb30 (396.25768,634.28712) (409.21916,677.49206)
sb31 (350.24179,634.28712) (384.18291,668.22825)
sb32 (258.1401,634.28712) (293.55196,646.09108)
sb33 (304.74453,634.28712) (350.24179,679.78437)
sb34 (334.33056,426.96932) (344.54819,461.02809)
sb35 (348.65536,481.85242) (379.24948,492.05046)
sb36 (380.51442,509.86431) (408.97492,538.32481)
sb37 (350.24179,668.22825) (382.55278,678.99858)
sb38 (378.53847,426.96932) (398.51345,446.9443)
sb39 (334.33056,541.72338) (355.96386,548.93448)
sb40 (348.65536,426.96932) (378.53847,456.85242)
sb41 (334.33056,490.80504) (348.65536,538.55438)
sb42 (298.83408,559.00032) (332.74573,592.91197)
sb43 (266.28258,646.09108) (294.90075,674.70925)
sb44 (363.72443,548.93448) (407.81525,563.63142)
sb45 (334.33056,368.6598) (347.74696,413.38116)
sb46 (276.94055,765.70791) (285.54869,794.40169)
sb47 (258.1401,535.336) (329.13306,559.00032)
sb48 (348.65536,492.05046) (402.09692,509.86431)
sb49 (288.08496,437.72102) (322.02609,471.66215)
sb50 (334.33056,461.02809) (343.26364,490.80504)
sb51 (402.09692,481.85242) (410.29448,509.17762)
sb52 (347.74696,368.6598) (392.44596,383.55946)
sb53 (258.1401,622.20356) (294.1401,634.20356)
sb54 (392.44596,368.6598) (409.93881,426.96932)
sb55 (378.53847,446.9443) (406.9286,475.33444)
sb56 (347.74696,383.55946) (385.50938,421.32188)
sb57 (258.1401,368.6598) (305.63747,416.15717)
sb58 (348.65536,456.85242) (373.65536,481.85242)
sb59 (232.85617,510.90387) (256.00352,588.06171)
sb60 (288.08496,476.96386) (331.35158,491.38606)
sb61 (258.1401,416.15717) (322.83167,437.72102)
sb62 (258.1401,559.00032) (298.83408,599.6943)
sb63 (293.63658,494.64202) (334.33056,535.336)
sb64 (220.67011,510.90387) (232.85617,551.52406)
sb65 (190.72015,787.87889) (220.67011,797.86221)
sb66 (333.22986,296.23136) (408.52926,321.33116)
sb67 (322.02609,437.72102) (333.79894,476.96386)
sb68 (258.1401,494.64202) (293.63658,530.1385)
sb69 (271.00866,437.72102) (288.08496,494.64202)
sb70 (280.23929,351.50941) (326.71509,367.00134)
sb71 (220.67011,395.49261) (253.65495,428.47746)
sb72 (241.61289,470.90387) (253.61289,510.90387)
sb73 (258.1401,437.72102) (271.00866,480.61625)
sb74 (220.67011,428.47746) (241.61289,498.28672)
sb75 (280.23929,335.80378) (327.35617,351.50941)
sb76 (220.67011,641.59339) (258.1401,679.06338)
sb77 (220.67011,368.6598) (247.50293,395.49261)
sb78 (392.99851,321.33116) (407.1971,368.6598)
sb79 (220.67011,588.06171) (252.29289,619.68449)
sb80 (241.61289,428.47746) (254.34081,470.90387)
sb81 (220.67011,619.68449) (242.57901,641.59339)
sb82 (280.23929,318.14026) (333.22986,335.80378)
sb83 (220.67011,296.23136) (242.00318,367.3416)
sb84 (263.91208,296.23136) (326.16961,316.98387)
sb85 (242.00318,318.14026) (280.23929,356.37637)
sb86 (92.21635,612.8841) (163.96592,636.80063)
sb87 (346.52271,321.33116) (392.99851,367.80696)
sb88 (175.32395,708.51917) (194.88922,773.73675)
sb89 (146.3412,740.46438) (175.32395,769.44713)
sb90 (130.16369,639.36781) (163.39018,672.5943)
sb91 (116.29124,740.46438) (146.3412,770.51434)
sb92 (116.29124,681.96733) (195.94675,708.51917)
sb93 (242.00318,296.23136) (263.91208,318.14026)
sb94 (333.22986,321.33116) (346.52271,365.64068)
sb95 (92.21635,773.73675) (162.10198,797.03196)
sb96 (197.95121,554.91748) (219.29131,626.05115)
sb97 (162.10198,773.73675) (204.52838,787.87889)
sb98 (116.29124,728.14908) (153.23714,740.46438)
sb99 (187.63889,639.36781) (213.7157,665.44462)
sb100 (15.76071,676.22391) (40.13283,757.46429)
sb101 (163.96592,588.90277) (196.82927,621.76612)
sb102 (92.21635,639.36781) (130.16369,677.31514)
sb103 (116.29124,708.51917) (175.18097,728.14908)
sb104 (163.39018,639.36781) (187.63889,663.61652)
sb105 (163.96592,554.91748) (197.95121,588.90277)
sb106 (62.25753,776.39398) (82.15728,796.29373)
sb107 (195.94675,750.42656) (217.85565,772.33547)
sb108 (195.94675,681.96733) (216.48452,750.42656)
sb109 (92.21635,681.96733) (116.29124,762.21694)
sb110 (12.44186,616.36069) (82.54179,639.72733)
sb111 (162.10198,787.87889) (190.72015,797.41828)
sb112 (163.96592,539.10609) (211.40008,554.91748)
sb113 (127.31621,539.10609) (156.71009,568.49996)
sb114 (92.21635,574.20595) (130.89451,612.8841)
sb115 (76.33217,639.72733) (91.31216,689.66062)
sb116 (163.96592,626.05115) (203.91589,639.36781)
sb117 (163.39018,665.44462) (212.95832,681.96733)
sb118 (127.71283,500.49818) (198.53656,524.10609)
sb119 (92.21635,500.49818) (127.71283,535.99466)
sb120 (52.25729,719.97694) (88.25729,755.97694)
sb121 (0,776.39398) (62.25753,797.14649)
sb122 (130.89451,574.20595) (160.22027,603.5317)
sb123 (0,686.09542) (15.76071,738.63113)
sb124 (88.63189,481.48064) (145.68449,500.49818)
sb125 (52.25729,639.72733) (76.33217,719.97694)
sb126 (72.54979,757.46429) (88.79787,773.71237)
sb127 (15.76071,757.46429) (72.54979,776.39398)
sb128 (92.21635,539.10609) (127.31621,574.20595)
sb129 (88.63189,465.69035) (136.00276,481.48064)
sb130 (76.2841,500.49818) (91.58116,551.48837)
sb131 (175.72084,385.52831) (201.17669,470.38112)
sb132 (61.77204,500.49818) (76.2841,548.87173)
sb133 (0,639.72733) (13.91043,686.09542)
sb134 (52.24136,576.3857) (92.21635,616.36069)
sb135 (127.71283,524.10609) (172.71283,539.10609)
sb136 (9.47101,452.5829) (30.54232,473.65421)
sb137 (0,500.49818) (24.24871,524.74689)
sb138 (0,538.02151) (59.39697,557.8205)
sb139 (15.76071,639.72733) (52.25729,676.22391)
sb140 (0,576.3857) (12.44186,617.85858)
sb141 (88.63189,403.7766) (117.87227,433.01698)
sb142 (88.63189,385.52831) (143.37675,403.7766)
sb143 (201.17669,450.33572) (214.59309,495.05708)
sb144 (36.12478,405.72732) (60.61968,430.22222)
sb145 (61.13643,385.52831) (85.32321,409.71508)
sb146 (12.44186,576.3857) (52.24136,616.18519)
sb147 (201.17669,385.52831) (220.61891,450.33572)
sb148 (165.32854,403.7766) (175.72084,438.41761)
sb149 (0,557.8205) (55.6956,576.3857)
sb150 (118.83122,450.27391) (165.08055,465.69035)
sb151 (61.13643,461.35486) (88.63189,488.85032)
sb152 (88.63189,433.01698) (118.83122,443.08343)
sb153 (161.75625,343.99423) (196.8276,379.06559)
sb154 (61.13643,409.71508) (71.72888,445.02325)
sb155 (0,374.72708) (32.4037,385.52831)
sb156 (150.16315,309.49786) (161.75625,348.14153)
sb157 (36.12478,430.22222) (58.48546,452.5829)
sb158 (0,452.5829) (9.47101,484.15293)
sb159 (24.24871,500.49818) (61.77204,538.02151)
sb160 (88.63189,443.08343) (109.4165,463.86804)
sb161 (118.83122,403.7766) (165.32854,450.27391)
sb162 (0,361.08889) (40.91455,374.72708)
sb163 (0,334.6501) (46.66905,350.20645)
sb164 (0,296.23136) (38.41875,334.6501)
sb165 (161.75625,309.49786) (172.10516,343.99423)
sb166 (0,385.52831) (60.59703,405.72732)
sb167 (385.78324,142.3086) (405.77324,208.94192)
sb168 (117.71319,320.31451) (149.08196,351.68329)
sb169 (30.54232,452.5829) (61.13643,483.17701)
sb170 (0,405.72732) (36.12478,441.8521)
sb171 (9.47101,483.17701) (60.85194,500.30399)
sb172 (117.71319,309.49786) (150.16315,320.31451)
sb173 (71.72888,409.71508) (87.22082,461.35486)
sb174 (172.10516,309.49786) (198.33492,335.72761)
sb175 (0,350.20645) (26.83282,359.15073)
sb176 (40.91455,361.08889) (102.24969,381.53394)
sb177 (342.89135,268.1323) (410.35245,290.61933)
sb178 (150.57654,351.68329) (160.42032,384.49589)
sb179 (198.33492,309.49786) (219.99594,381.70127)
sb180 (272.98433,149.87163) (300.55243,177.43973)
sb181 (63.26423,296.23136) (92.24698,325.21411)
sb182 (117.71319,351.68329) (150.57654,384.54664)
sb183 (63.26423,325.21411) (99.13901,361.08889)
sb184 (99.13901,296.23136) (117.71319,358.14528)
sb185 (46.66905,296.23136) (63.26423,351.54863)
sb186 (365.34798,110.32423) (397.33235,142.3086)
sb187 (239.76256,214.24861) (303.82503,235.60277)
sb188 (239.47488,253.1527) (306.1082,275.36381)
sb189 (117.71319,296.23136) (157.51268,309.49786)
sb190 (342.89135,210.42614) (360.2032,268.1323)
sb191 (376.74406,210.42614) (400.06786,233.74995)
sb192 (365.34798,142.3086) (385.78324,210.42614)
sb193 (306.1082,186.65478) (319.08125,229.89828)
sb194 (250.6575,110.32423) (269.73629,129.40301)
sb195 (218.76256,253.1527) (239.47488,273.86501)
sb196 (342.89135,110.32423) (365.34798,185.17964)
sb197 (376.74406,233.74995) (408.93101,265.93691)
sb198 (360.2032,210.42614) (376.74406,265.56234)
sb199 (270.20185,275.36381) (328.06375,294.65111)
sb200 (319.08125,186.65478) (340.92845,259.47877)
sb201 (160.56668,231.02119) (188.02574,258.48026)
sb202 (239.76256,180.8555) (302.83395,201.8793)
sb203 (306.1082,229.89828) (317.33318,267.31485)
sb204 (306.1082,149.87163) (342.89135,186.65478)
sb205 (230.21245,133.56213) (260.95331,143.80908)
sb206 (218.76256,180.8555) (239.76256,250.8555)
sb207 (239.76256,235.60277) (292.41235,253.1527)
sb208 (249.74643,149.87163) (272.98433,173.10953)
sb209 (269.73629,110.32423) (339.44999,133.56213)
sb210 (173.81432,186.86239) (183.48903,219.11142)
sb211 (188.02574,231.02119) (195.61521,256.31942)
sb212 (218.76256,275.36381) (270.20185,292.51024)
sb213 (110.33439,147.22512) (121.92749,185.8688)
sb214 (239.76256,201.8793) (276.87051,214.24861)
sb215 (56.76873,281.85964) (99.51215,296.10745)
sb216 (260.95331,133.56213) (309.88183,149.87163)
sb217 (218.76256,149.87163) (249.74643,180.8555)
sb218 (110.96414,267.19676) (154.95278,281.85964)
sb219 (73.01681,243.68447) (95.46676,266.13441)
sb220 (105.46677,198.63807) (138.78344,231.95473)
sb221 (160.56668,186.86239) (173.81432,231.02119)
sb222 (202.19735,130.80186) (218.16607,184.03092)
sb223 (230.21245,110.32423) (250.6575,130.76928)
sb224 (160.56668,264.02024) (213.8114,281.76848)
sb225 (195.61521,186.86239) (218.76256,264.02024)
sb226 (171.11681,161.8824) (196.0968,186.86239)
sb227 (105.46677,186.86239) (140.79382,198.63807)
sb228 (105.46677,231.95473) (140.96325,243.78689)
sb229 (140.96325,186.86239) (159.55357,248.83012)
sb230 (72.09828,129.05922) (126.59598,147.22512)
sb231 (73.01681,267.19676) (110.96414,279.84587)
sb232 (171.11681,130.80186) (202.19735,161.8824)
sb233 (128.30326,130.80186) (153.28325,139.12852)
sb234 (73.01681,186.86239) (97.38893,211.23451)
sb235 (105.46677,248.83012) (160.56668,267.19676)
sb236 (73.01681,211.23451) (105.46677,243.68447)
sb237 (36.77123,127.98775) (52.64574,180.90278)
sb238 (72.09828,110.32423) (128.30326,129.05922)
sb239 (56.76873,186.86239) (73.01681,241.02265)
sb240 (218.76256,110.32423) (230.21245,148.49053)
sb241 (36.77123,110.32423) (54.43476,127.98775)
sb242 (20.52316,232.24568) (36.77123,286.40594)
sb243 (128.30326,110.32423) (189.73615,130.80186)
sb244 (183.48903,186.86239) (195.50153,226.90404)
sb245 (354.23815,0) (405.14984,16.97056)
sb246 (54.43476,110.32423) (71.85888,168.40463)
sb247 (0,218.28144) (20.52316,286.69197)
sb248 (36.77123,186.86239) (56.76873,253.52072)
sb249 (368.09696,35.54474) (384.93442,91.6696)
sb250 (203.97205,0) (260.20372,18.74389)
sb251 (72.09828,147.22512) (110.33439,185.46123)
sb252 (9.67471,195.21632) (32.73983,218.28144)
sb253 (20.52316,218.28144) (34.4874,232.24568)
sb254 (54.43476,168.40463) (72.09828,186.06815)
sb255 (128.30326,139.12852) (171.11681,181.94207)
sb256 (0,286.69197) (28.61818,296.23136)
sb257 (177.25128,39.40684) (190.22433,82.65034)
sb258 (329.4188,35.54474) (368.09696,74.2229)
sb259 (0,110.32423) (9.67471,142.57326)
sb260 (260.20372,0) (286.35711,8.7178)
sb261 (230.29695,18.74389) (253.53485,41.98179)
sb262 (233.67054,63.46238) (296.02437,84.24699)
sb263 (9.67471,110.32423) (35.14234,195.21632)
sb264 (354.23815,16.97056) (409.96068,35.54474)
sb265 (258.96296,45.13208) (303.96296,60.13208)
sb266 (303.96296,0) (329.4188,84.85281)
sb267 (260.20372,8.7178) (296.618,45.13208)
sb268 (103.11146,0) (143.73165,13.54006)
sb269 (329.4188,91.6696) (374.1178,106.56926)
sb270 (162.94743,20.83267) (181.52161,39.40684)
sb271 (203.97205,45.13208) (258.96296,63.46238)
sb272 (190.22433,93.16087) (240.42393,109.89407)
sb273 (190.22433,0) (203.97205,45.82576)
sb274 (203.97205,18.74389) (230.29695,45.06878)
sb275 (329.4188,0) (354.23815,24.81935)
sb276 (162.94743,0) (183.7801,20.83267)
sb277 (149.93974,0) (162.94743,43.35897)
sb278 (190.22433,45.82576) (203.02276,88.48721)
sb279 (384.93442,35.54474) (407.36431,110.31104)
sb280 (162.94743,39.40684) (177.25128,87.08633)
sb281 (133.65468,87.08633) (156.89258,110.32423)
sb282 (130.03999,13.54006) (149.93974,79.87256)
sb283 (15.65567,26.44964) (39.84244,34.5119)
sb284 (15.65567,11.95826) (59.1298,26.44964)
sb285 (15.65567,0) (51.53045,11.95826)
sb286 (67.11146,87.08633) (133.65468,109.2674)
sb287 (203.97205,63.46238) (233.67054,93.16087)
sb288 (67.11146,13.54006) (122.10237,31.87037)
sb289 (67.11146,31.87037) (127.63418,52.04461)
sb290 (156.89258,87.08633) (177.67719,107.87094)
sb291 (15.65567,68.8339) (50.35437,103.5326)
sb292 (50.35437,26.44964) (67.11146,82.3066)
sb293 (0,0) (15.65567,52.18557)
sb294 (149.93974,43.35897) (161.45495,81.74299)
sb295 (67.11146,52.04461) (108.06265,65.695)
sb296 (67.11146,0) (103.11146,12.0)
sb297 (15.65567,34.5119) (49.97767,68.8339)
sb298 (67.11146,65.695) (130.03999,86.67118)
sb299 (50.35437,82.3066) (63.35437,95.3066)
